[[0 1]
 [0 1]
 [0 1]
 [1 1]
 [1 0]
 [0 1]
 [1 0]
 [0 1]
 [1 0]
 [0 0]
 [1 0]
 [1 1]
 [1 1]
 [1 1]
 [1 1]
 [1 1]
 [1 1]
 [0 0]
 [1 1]
 [0 1]
 [0 0]
 [0 1]
 [1 1]
 [1 1]
 [1 0]
 [1 1]
 [0 1]
 [1 0]
 [0 1]
 [0 0]
 [1 0]
 [1 1]
 [1 1]
 [0 0]
 [1 0]
 [1 1]
 [1 1]
 [0 1]
 [0 0]
 [1 1]
 [1 1]
 [0 1]
 [1 1]
 [0 0]
 [1 1]
 [1 0]
 [1 1]
 [0 1]
 [0 1]
 [1 0]
 [0 1]
 [0 0]
 [1 0]
 [1 1]
 [0 0]
 [0 0]
 [1 1]
 [1 0]
 [1 0]
 [0 1]
 [1 1]
 [1 1]
 [1 1]
 [0 1]
 [0 1]
 [0 0]
 [0 0]
 [1 1]
 [1 1]
 [1 0]
 [0 0]
 [1 1]
 [1 1]
 [0 1]
 [1 1]
 [1 0]
 [1 1]
 [0 1]
 [1 1]
 [1 0]
 [0 1]
 [0 0]
 [0 0]
 [0 0]
 [0 0]
 [0 1]
 [0 0]
 [1 1]
 [1 0]
 [0 0]
 [0 1]
 [0 0]
 [1 1]
 [0 1]
 [0 1]
 [1 0]
 [0 0]
 [1 0]
 [1 1]
 [0 1]
 [1 1]
 [0 1]
 [0 0]
 [1 1]
 [1 0]
 [1 1]
 [0 1]
 [0 0]
 [1 1]
 [1 1]
 [1 1]
 [1 1]
 [0 1]
 [1 0]
 [1 1]
 [0 1]
 [0 1]][ 3.15057257  2.83149847  3.45667353  0.6613313   3.96489614  2.55626333
  4.35168394  2.79805711  3.79472661  0.83148826  4.429476    0.96163687
  0.94164991  1.13987134  0.64357845  1.24816004  0.96377425  0.81791617
  1.13666742  3.37889996  0.68683509  2.79249458  1.48868565  0.86305079
  4.36304468  0.77190746  2.8894451   4.28351822  3.44690556  1.42580209
  3.91586706  1.39321745  1.28304364  0.70167161  3.51494006  1.43022449
  1.08723635  2.8084074   0.71854418  0.73451355  0.72223261  3.31044173
  0.778195    0.93129989  1.36549292  4.32626624  0.60870427  3.12027863
  3.05703077  3.81817243  2.7999738   0.92697432  3.93357479  1.12463226
  0.79130277  0.73436858  1.25135893  3.78291959  4.07449106  2.72159006
  1.28015244  1.26644819  0.83068357  2.7039877   2.98637998  1.46818438
  1.23067513  0.97867207  1.13830337  3.95249175  1.18952275  0.88064712
  1.42631709  3.41548461  0.95036394  3.63818007  1.24809529  2.66485397
  0.51175932  4.13536852  2.94641773  1.38622756  1.3282164   0.757078
  1.17188538  3.06455043  0.81749228  0.65257522  4.14817372  0.79734931
  3.07463838  1.07773008  1.35577507  3.26248409  2.71362228  3.57531747
  0.64674645  3.8451288   0.89317954  3.37936309  1.03836268  3.06927472
  1.01652201  0.78144945  3.62659709  1.41674397  3.4250358   1.32723133
  0.99343659  0.69966575  1.25681018  1.3718424   3.02855049  4.09779174
  1.3482156   3.44399479  2.78334251]adad[  0.00000000e+000   0.00000000e+000   0.00000000e+000 ...,
   0.00000000e+000   2.51097757e-209   2.51097757e-209]10000